
> portfolio@1.0.0 dev
> vite --host 127.0.0.1

Port 5173 is in use, trying another one...

  [32m[1mVITE[22m v6.4.2[39m  [2mready in [0m[1m401[22m[2m[0m ms[22m

  [32m➜[39m  [1mLocal[22m:   [36mhttp://127.0.0.1:[1m5174[22m/[39m
[36m[vite-plugin-static-copy][39m [32mCollected 2 items.[39m
[2m15:32:18[22m [36m[1m[vite][22m[39m [90m[2m(client)[22m[39m [32mhmr update [39m[2m/components/pages/contact-page.jsx[22m
[2m15:32:55[22m [36m[1m[vite][22m[39m [90m[2m(client)[22m[39m [32mhmr update [39m[2m/components/pages/contact-page.jsx[22m
[2m15:33:44[22m [36m[1m[vite][22m[39m [90m[2m(client)[22m[39m [32mhmr update [39m[2m/components/pages/contact-page.jsx[22m
[2m15:33:57[22m [36m[1m[vite][22m[39m [90m[2m(client)[22m[39m [32mhmr update [39m[2m/components/pages/contact-page.jsx[22m
[2m15:34:07[22m [36m[1m[vite][22m[39m [90m[2m(client)[22m[39m [32mhmr update [39m[2m/components/pages/contact-page.jsx[22m
[2m15:42:11[22m [36m[1m[vite][22m[39m [90m[2m(client)[22m[39m [32mhmr update [39m[2m/components/pages/contact-page.jsx[22m
[2m15:42:35[22m [36m[1m[vite][22m[39m [90m[2m(client)[22m[39m [32mhmr update [39m[2m/components/pages/contact-page.jsx[22m
[2m15:55:58[22m [36m[1m[vite][22m[39m [90m[2m(client)[22m[39m [32mhmr update [39m[2m/components/pages/contact-page.jsx[22m
[2m15:59:28[22m [36m[1m[vite][22m[39m [90m[2m(client)[22m[39m [32mhmr update [39m[2m/components/pages/contact-page.jsx[22m
[2m16:17:59[22m [36m[1m[vite][22m[39m [90m[2m(client)[22m[39m [32mhmr update [39m[2m/components/pages/contact-page.jsx[22m
[2m16:17:59[22m [36m[1m[vite][22m[39m [90m[2m(client)[22m[39m [32mhmr update [39m[2m/components/shared/shared-chrome.jsx[22m
[2m16:31:16[22m [36m[1m[vite][22m[39m [90m[2m(client)[22m[39m [32mhmr update [39m[2m/components/shared/shared-chrome.jsx[22m
[2m16:34:36[22m [36m[1m[vite][22m[39m [36m[vite-plugin-static-copy][39m [32mdetected new file[39m assets\images\cv-cover.png
[2m16:44:58[22m [36m[1m[vite][22m[39m [36m[vite-plugin-static-copy][39m [32mdetected new file[39m assets\files\Unconfirmed 481735.crdownload
[2m17:04:34[22m [36m[1m[vite][22m[39m [90m[2m(client)[22m[39m [32mpage reload [39m[2mindex.html[22m
[2m17:04:34[22m [36m[1m[vite][22m[39m [90m[2m(client)[22m[39m [32mpage reload [39m[2mabout.html[22m
[2m17:04:34[22m [36m[1m[vite][22m[39m [90m[2m(client)[22m[39m [32mpage reload [39m[2mprojects.html[22m
